<?xml version="1.0" encoding="UTF-8"?>
<!-- Generated by org.testng.reporters.JUnitReportReporter -->
<testsuite skipped="0" hostname="RichardParkui-MacBook-Pro.local" name="com.ktds.devpro.WebMvcStarterApplicationTests" tests="1" failures="0" timestamp="29 Nov 2020 09:22:57 GMT" time="0.015" errors="0">
  <testcase name="contextLoads" time="0.015" classname="com.ktds.devpro.WebMvcStarterApplicationTests"/>
</testsuite> <!-- com.ktds.devpro.WebMvcStarterApplicationTests -->
